*** Using Compiler 'V5.06 update 6 (build 750)', folder: 'D:\Keil_v5\ARM\ARMCC\Bin'
Rebuild target 'Target_1'
compiling timer.c...
compiling led_drv.c...
compiling co_delay.c...
assembling startup_stm32f10x_md.s...
compiling main.c...
compiling delay.c...
compiling core_cm3.c...
compiling stm32f10x_usart.c...
compiling key_drv.c...
compiling stm32f10x_gpio.c...
compiling misc.c...
compiling stm32f10x_rcc.c...
compiling stm32f10x_tim.c...
compiling stm32f10x_it.c...
compiling system_stm32f10x.c...
linking...
Program Size: Code=2384 RO-data=268 RW-data=56 ZI-data=1024  
".\Objects\Project.axf" - 0 Error(s), 0 Warning(s).
Build Time Elapsed:  00:00:01
